app/manifest-merger-release-report.txt
-- Merging decision tree log ---
manifest
ADDED from AndroidManifest.xml:2:1
	xmlns:android
		ADDED from AndroidManifest.xml:4:3
	package
		ADDED from AndroidManifest.xml:3:3
		INJECTED from AndroidManifest.xml:0:0
		INJECTED from AndroidManifest.xml:0:0
	android:versionName
		INJECTED from AndroidManifest.xml:0:0
		INJECTED from AndroidManifest.xml:0:0
	android:versionCode
		INJECTED from AndroidManifest.xml:0:0
		INJECTED from AndroidManifest.xml:0:0
uses-permission#android.permission.INTERNET
ADDED from AndroidManifest.xml:6:3
	android:name
		ADDED from AndroidManifest.xml:6:20
uses-permission#android.permission.WRITE_EXTERNAL_STORAGE
ADDED from AndroidManifest.xml:7:3
	android:name
		ADDED from AndroidManifest.xml:7:20
uses-feature#android.hardware.camera
ADDED from AndroidManifest.xml:8:3
	android:name
		ADDED from AndroidManifest.xml:8:17
uses-feature#android.hardware.camera.autofocus
ADDED from AndroidManifest.xml:9:3
	android:name
		ADDED from AndroidManifest.xml:9:17
application
ADDED from AndroidManifest.xml:11:3
MERGED from com.android.support:support-v4:21.0.2:16:5
MERGED from rapid.decoder:library:0.2.8:11:5
MERGED from rapid.decoder:jpeg-decoder:0.2.8:6:5
MERGED from rapid.decoder:png-decoder:0.2.8:6:5
	android:label
		ADDED from AndroidManifest.xml:15:5
	android:allowBackup
		ADDED from AndroidManifest.xml:13:5
	android:icon
		ADDED from AndroidManifest.xml:14:5
	android:theme
		ADDED from AndroidManifest.xml:16:5
	android:name
		ADDED from AndroidManifest.xml:12:5
meta-data#AA_DB_NAME
ADDED from AndroidManifest.xml:18:5
	android:name
		ADDED from AndroidManifest.xml:18:16
	android:value
		ADDED from AndroidManifest.xml:18:42
meta-data#AA_DB_VERSION
ADDED from AndroidManifest.xml:19:5
	android:name
		ADDED from AndroidManifest.xml:19:16
	android:value
		ADDED from AndroidManifest.xml:19:45
activity#com.airfont.kidspassport.MainActivity
ADDED from AndroidManifest.xml:22:5
	android:label
		ADDED from AndroidManifest.xml:24:7
	android:name
		ADDED from AndroidManifest.xml:23:7
intent-filter#android.intent.action.MAIN+android.intent.category.LAUNCHER
ADDED from AndroidManifest.xml:25:7
action#android.intent.action.MAIN
ADDED from AndroidManifest.xml:26:9
	android:name
		ADDED from AndroidManifest.xml:26:17
category#android.intent.category.LAUNCHER
ADDED from AndroidManifest.xml:28:9
	android:name
		ADDED from AndroidManifest.xml:28:19
uses-sdk
INJECTED from AndroidManifest.xml:0:0 reason: use-sdk injection requested
MERGED from com.android.support:support-v4:21.0.2:15:5
MERGED from rapid.decoder:library:0.2.8:7:5
	android:targetSdkVersion
		INJECTED from AndroidManifest.xml:0:0
		INJECTED from AndroidManifest.xml:0:0
	android:minSdkVersion
		INJECTED from AndroidManifest.xml:0:0
		INJECTED from AndroidManifest.xml:0:0
android:uses-permission#android.permission.READ_PHONE_STATE
IMPLIED from AndroidManifest.xml:2:1 reason: rapid.decoder.builtin.jpeg has a targetSdkVersion < 4